[debug] [2025-08-20T18:52:34.005Z] ----------------------------------------------------------------------
[debug] [2025-08-20T18:52:34.007Z] Command:       C:\Program Files\nodejs\node.exe C:\Users\iara.cordeiro\AppData\Roaming\npm\node_modules\firebase-tools\lib\bin\firebase.js init
[debug] [2025-08-20T18:52:34.007Z] CLI Version:   13.29.3
[debug] [2025-08-20T18:52:34.007Z] Platform:      win32
[debug] [2025-08-20T18:52:34.007Z] Node Version:  v20.16.0
[debug] [2025-08-20T18:52:34.007Z] Time:          Wed Aug 20 2025 15:52:34 GMT-0300 (Horário Padrão de Brasília)
[debug] [2025-08-20T18:52:34.007Z] ----------------------------------------------------------------------
[debug] 
[debug] [2025-08-20T18:52:34.010Z] >>> [apiv2][query] GET https://firebase-public.firebaseio.com/cli.json [none]
[debug] [2025-08-20T18:52:34.041Z] > command requires scopes: ["email","openid","https://www.googleapis.com/auth/cloudplatformprojects.readonly","https://www.googleapis.com/auth/firebase","https://www.googleapis.com/auth/cloud-platform"]
[debug] [2025-08-20T18:52:34.041Z] > authorizing via signed-in user (devmrmbrasil@gmail.com)
[info] 
     ######## #### ########  ######## ########     ###     ######  ########
     ##        ##  ##     ## ##       ##     ##  ##   ##  ##       ##
     ######    ##  ########  ######   ########  #########  ######  ######
     ##        ##  ##    ##  ##       ##     ## ##     ##       ## ##
     ##       #### ##     ## ######## ########  ##     ##  ######  ########

You're about to initialize a Firebase project in this directory:

  C:\Projetos\IaraReactPortfolioTemplate

Before we get started, keep in mind:

  * You are currently outside your home directory

[debug] [2025-08-20T18:52:34.584Z] <<< [apiv2][status] GET https://firebase-public.firebaseio.com/cli.json 200
[debug] [2025-08-20T18:52:34.585Z] <<< [apiv2][body] GET https://firebase-public.firebaseio.com/cli.json {"cloudBuildErrorAfter":1594252800000,"cloudBuildWarnAfter":1590019200000,"defaultNode10After":1594252800000,"minVersion":"3.0.5","node8DeploysDisabledAfter":1613390400000,"node8RuntimeDisabledAfter":1615809600000,"node8WarnAfter":1600128000000}
